# JRE version: OpenJDK Runtime Environment JBR-17.0.11+1-1312.2-nomod (17.0.11+1) (build 17.0.11+1-b1312.2)
# Java VM: OpenJDK 64-Bit Server VM JBR-17.0.11+1-1312.2-nomod (17.0.11+1-b1312.2, mixed mode, sharing, tiered, compressed oops, compressed class ptrs, g1 gc, windows-amd64)
GC Precious Log:
 CPUs: 4 total, 4 available
 Memory: 8106M
 Large Page Support: Disabled
 NUMA Support: Disabled
 Compressed Oops: Enabled (32-bit)
 Heap Region Size: 1M
 Heap Min Capacity: 8M
 Heap Initial Capacity: 128M
 Heap Max Capacity: 2028M
 Pre-touch: Disabled
 Parallel Workers: 4
 Concurrent Workers: 1
 Concurrent Refinement Workers: 4
 Periodic GC: Disabled
Heap:
 garbage-first heap   total 184320K, used 73317K [0x0000000081400000, 0x0000000100000000)
  region size 1024K, 6 young (6144K), 2 survivors (2048K)
 Metaspace       used 67105K, committed 67392K, reserved 1114112K
  class space    used 7512K, committed 7616K, reserved 1048576K
GC Heap History (20 events):
Event: 4.929 GC heap before
{Heap before GC invocations=11 (full 0):
 garbage-first heap   total 67584K, used 49987K [0x0000000081400000, 0x0000000100000000)
  region size 1024K, 25 young (25600K), 4 survivors (4096K)
 Metaspace       used 42032K, committed 42240K, reserved 1114112K
  class space    used 5144K, committed 5248K, reserved 1048576K
}
Event: 4.946 GC heap after
{Heap after GC invocations=12 (full 0):
 garbage-first heap   total 67584K, used 33394K [0x0000000081400000, 0x0000000100000000)
  region size 1024K, 4 young (4096K), 4 survivors (4096K)
 Metaspace       used 42032K, committed 42240K, reserved 1114112K
  class space    used 5144K, committed 5248K, reserved 1048576K
}
Event: 5.483 GC heap before
{Heap before GC invocations=12 (full 0):
 garbage-first heap   total 67584K, used 50802K [0x0000000081400000, 0x0000000100000000)
  region size 1024K, 21 young (21504K), 4 survivors (4096K)
 Metaspace       used 42562K, committed 42752K, reserved 1114112K
  class space    used 5153K, committed 5248K, reserved 1048576K
}
Event: 5.494 GC heap after
{Heap after GC invocations=13 (full 0):
 garbage-first heap   total 67584K, used 36206K [0x0000000081400000, 0x0000000100000000)
  region size 1024K, 3 young (3072K), 3 survivors (3072K)
 Metaspace       used 42562K, committed 42752K, reserved 1114112K
  class space    used 5153K, committed 5248K, reserved 1048576K
}
Event: 5.824 GC heap before
{Heap before GC invocations=14 (full 0):
 garbage-first heap   total 68608K, used 51566K [0x0000000081400000, 0x0000000100000000)
  region size 1024K, 18 young (18432K), 3 survivors (3072K)
 Metaspace       used 42751K, committed 43008K, reserved 1114112K
  class space    used 5162K, committed 5312K, reserved 1048576K
}
Event: 5.841 GC heap after
{Heap after GC invocations=15 (full 0):
 garbage-first heap   total 68608K, used 39604K [0x0000000081400000, 0x0000000100000000)
  region size 1024K, 3 young (3072K), 3 survivors (3072K)
 Metaspace       used 42751K, committed 43008K, reserved 1114112K
  class space    used 5162K, committed 5312K, reserved 1048576K
}
Event: 6.045 GC heap before
{Heap before GC invocations=15 (full 0):
 garbage-first heap   total 68608K, used 52916K [0x0000000081400000, 0x0000000100000000)
  region size 1024K, 16 young (16384K), 3 survivors (3072K)
 Metaspace       used 42981K, committed 43200K, reserved 1114112K
  class space    used 5186K, committed 5312K, reserved 1048576K
}
Event: 6.056 GC heap after
{Heap after GC invocations=16 (full 0):
 garbage-first heap   total 99328K, used 41964K [0x0000000081400000, 0x0000000100000000)
  region size 1024K, 2 young (2048K), 2 survivors (2048K)
 Metaspace       used 42981K, committed 43200K, reserved 1114112K
  class space    used 5186K, committed 5312K, reserved 1048576K
}
Event: 6.227 GC heap before
{Heap before GC invocations=17 (full 0):
 garbage-first heap   total 101376K, used 73708K [0x0000000081400000, 0x0000000100000000)
  region size 1024K, 33 young (33792K), 2 survivors (2048K)
 Metaspace       used 43002K, committed 43200K, reserved 1114112K
  class space    used 5186K, committed 5312K, reserved 1048576K
}
Event: 6.231 GC heap after
{Heap after GC invocations=18 (full 0):
 garbage-first heap   total 101376K, used 41964K [0x0000000081400000, 0x0000000100000000)
  region size 1024K, 2 young (2048K), 2 survivors (2048K)
 Metaspace       used 43002K, committed 43200K, reserved 1114112K
  class space    used 5186K, committed 5312K, reserved 1048576K
}
Event: 7.529 GC heap before
{Heap before GC invocations=18 (full 0):
 garbage-first heap   total 101376K, used 76780K [0x0000000081400000, 0x0000000100000000)
  region size 1024K, 36 young (36864K), 2 survivors (2048K)
 Metaspace       used 48568K, committed 48768K, reserved 1114112K
  class space    used 5981K, committed 6080K, reserved 1048576K
}
Event: 7.548 GC heap after
{Heap after GC invocations=19 (full 0):
 garbage-first heap   total 101376K, used 46055K [0x0000000081400000, 0x0000000100000000)
  region size 1024K, 5 young (5120K), 5 survivors (5120K)
 Metaspace       used 48568K, committed 48768K, reserved 1114112K
  class space    used 5981K, committed 6080K, reserved 1048576K
}
Event: 9.031 GC heap before
{Heap before GC invocations=19 (full 0):
 garbage-first heap   total 101376K, used 78823K [0x0000000081400000, 0x0000000100000000)
  region size 1024K, 36 young (36864K), 5 survivors (5120K)
 Metaspace       used 50824K, committed 51072K, reserved 1114112K
  class space    used 6114K, committed 6208K, reserved 1048576K
}
Event: 9.053 GC heap after
{Heap after GC invocations=20 (full 0):
 garbage-first heap   total 101376K, used 51220K [0x0000000081400000, 0x0000000100000000)
  region size 1024K, 5 young (5120K), 5 survivors (5120K)
 Metaspace       used 50824K, committed 51072K, reserved 1114112K
  class space    used 6114K, committed 6208K, reserved 1048576K
}
Event: 10.447 GC heap before
{Heap before GC invocations=20 (full 0):
 garbage-first heap   total 101376K, used 78868K [0x0000000081400000, 0x0000000100000000)
  region size 1024K, 32 young (32768K), 5 survivors (5120K)
 Metaspace       used 52404K, committed 52672K, reserved 1114112K
  class space    used 6197K, committed 6336K, reserved 1048576K
}
Event: 10.467 GC heap after
{Heap after GC invocations=21 (full 0):
 garbage-first heap   total 101376K, used 55568K [0x0000000081400000, 0x0000000100000000)
  region size 1024K, 4 young (4096K), 4 survivors (4096K)
 Metaspace       used 52404K, committed 52672K, reserved 1114112K
  class space    used 6197K, committed 6336K, reserved 1048576K
}
Event: 12.050 GC heap before
{Heap before GC invocations=22 (full 0):
 garbage-first heap   total 101376K, used 79120K [0x0000000081400000, 0x0000000100000000)
  region size 1024K, 28 young (28672K), 4 survivors (4096K)
 Metaspace       used 54201K, committed 54464K, reserved 1114112K
  class space    used 6321K, committed 6464K, reserved 1048576K
}
Event: 12.067 GC heap after
{Heap after GC invocations=23 (full 0):
 garbage-first heap   total 101376K, used 57591K [0x0000000081400000, 0x0000000100000000)
  region size 1024K, 2 young (2048K), 2 survivors (2048K)
 Metaspace       used 54201K, committed 54464K, reserved 1114112K
  class space    used 6321K, committed 6464K, reserved 1048576K
}
Event: 12.856 GC heap before
{Heap before GC invocations=23 (full 0):
 garbage-first heap   total 101376K, used 81143K [0x0000000081400000, 0x0000000100000000)
  region size 1024K, 25 young (25600K), 2 survivors (2048K)
 Metaspace       used 55665K, committed 55936K, reserved 1114112K
  class space    used 6472K, committed 6592K, reserved 1048576K
}
Event: 12.873 GC heap after
{Heap after GC invocations=24 (full 0):
 garbage-first heap   total 184320K, used 59639K [0x0000000081400000, 0x0000000100000000)
  region size 1024K, 4 young (4096K), 4 survivors (4096K)
 Metaspace       used 55665K, committed 55936K, reserved 1114112K
  class space    used 6472K, committed 6592K, reserved 1048576K
}

